2015-09-08 20:19:52.795 DEBUG c.i.t.m.orderbook.OrderBookService Order book for [FOO] doesn't exist. Creating.
2015-09-08 20:19:52.799 DEBUG c.i.t.m.matcher.OrderFillService New order - [Market Order]: Symbol: FOO Side: BUY | Quantity: 600 | Last Traded Price: null
2015-09-08 20:19:52.800 DEBUG c.i.t.m.matcher.OrderFillService Matching order found - [Limit Order]: Symbol: FOO| Side: SELL | Quantity: 700 | Limit Price: 100.0 | Partial Fills Allowed: false
2015-09-08 20:19:52.800 DEBUG c.i.t.m.matcher.OrderFillService Transaction quantity is 600
2015-09-08 20:19:52.800 DEBUG c.i.t.m.matcher.OrderFillService Incoming order remaining quantity is 0
2015-09-08 20:19:52.800 DEBUG c.i.t.m.matcher.OrderFillService Matched order remaining quantity is 100
2015-09-08 20:19:52.800 INFO  c.i.t.m.matcher.OrderFillService Last traded price: 100.0
2015-09-08 20:19:52.840 DEBUG c.i.t.m.matcher.OrderFillService Order is completed
2015-09-08 20:19:52.847 DEBUG c.i.t.m.orderbook.OrderBookService Order book for [BAR] doesn't exist. Creating.
2015-09-08 20:19:52.847 DEBUG c.i.t.m.orderbook.OrderBookService Order book for [FOO] doesn't exist. Creating.
2015-09-08 20:19:52.848 DEBUG c.i.t.m.matcher.OrderFillService New order - [Market Order]: Symbol: FOO Side: BUY | Quantity: 600 | Last Traded Price: null
2015-09-08 20:19:52.848 DEBUG c.i.t.m.matcher.OrderFillService Matching order found - [Limit Order]: Symbol: FOO| Side: SELL | Quantity: 700 | Limit Price: 100.0 | Partial Fills Allowed: false
2015-09-08 20:19:52.848 DEBUG c.i.t.m.matcher.OrderFillService Transaction quantity is 600
2015-09-08 20:19:52.848 DEBUG c.i.t.m.matcher.OrderFillService Incoming order remaining quantity is 0
2015-09-08 20:19:52.848 DEBUG c.i.t.m.matcher.OrderFillService Matched order remaining quantity is 100
2015-09-08 20:19:52.848 INFO  c.i.t.m.matcher.OrderFillService Last traded price: 100.0
2015-09-08 20:19:52.848 DEBUG c.i.t.m.matcher.OrderFillService Order is completed
2015-09-08 20:19:52.854 DEBUG c.i.t.m.orderbook.OrderBookService Order book for [FOO] doesn't exist. Creating.
2015-09-08 20:19:52.855 DEBUG c.i.t.m.matcher.OrderFillService New order - [Market Order]: Symbol: FOO Side: BUY | Quantity: 600 | Last Traded Price: null
2015-09-08 20:19:52.856 DEBUG c.i.t.m.matcher.OrderFillService Matching order found - [Limit Order]: Symbol: FOO| Side: SELL | Quantity: 500 | Limit Price: 100.0 | Partial Fills Allowed: false
2015-09-08 20:19:52.856 DEBUG c.i.t.m.matcher.OrderFillService Transaction quantity is 500
2015-09-08 20:19:52.856 DEBUG c.i.t.m.matcher.OrderFillService Incoming order remaining quantity is 100
2015-09-08 20:19:52.856 DEBUG c.i.t.m.matcher.OrderFillService Matched order remaining quantity is 0
2015-09-08 20:19:52.856 INFO  c.i.t.m.matcher.OrderFillService Last traded price: 100.0
2015-09-08 20:19:52.856 DEBUG c.i.t.m.matcher.OrderFillService Matched order completely filled
2015-09-08 20:19:52.856 DEBUG c.i.t.m.matcher.OrderFillService Matching order found - [Limit Order]: Symbol: FOO| Side: SELL | Quantity: 400 | Limit Price: 100.0 | Partial Fills Allowed: false
2015-09-08 20:19:52.856 DEBUG c.i.t.m.matcher.OrderFillService Transaction quantity is 100
2015-09-08 20:19:52.856 DEBUG c.i.t.m.matcher.OrderFillService Incoming order remaining quantity is 0
2015-09-08 20:19:52.856 DEBUG c.i.t.m.matcher.OrderFillService Matched order remaining quantity is 300
2015-09-08 20:19:52.856 INFO  c.i.t.m.matcher.OrderFillService Last traded price: 100.0
2015-09-08 20:19:52.856 DEBUG c.i.t.m.matcher.OrderFillService Order is completed
2015-09-08 20:19:52.860 DEBUG c.i.t.m.orderbook.OrderBookService Order book for [FOO] doesn't exist. Creating.
2015-09-08 20:19:52.862 DEBUG c.i.t.m.matcher.OrderFillService New order - [Market Order]: Symbol: FOO Side: BUY | Quantity: 700 | Last Traded Price: null
2015-09-08 20:19:52.862 DEBUG c.i.t.m.matcher.OrderFillService Matching order found - [Limit Order]: Symbol: FOO| Side: SELL | Quantity: 500 | Limit Price: 100.0 | Partial Fills Allowed: false
2015-09-08 20:19:52.862 DEBUG c.i.t.m.matcher.OrderFillService Transaction quantity is 500
2015-09-08 20:19:52.871 DEBUG c.i.t.m.matcher.OrderFillService Incoming order remaining quantity is 200
2015-09-08 20:19:52.871 DEBUG c.i.t.m.matcher.OrderFillService Matched order remaining quantity is 0
2015-09-08 20:19:52.871 INFO  c.i.t.m.matcher.OrderFillService Last traded price: 100.0
2015-09-08 20:19:52.871 DEBUG c.i.t.m.matcher.OrderFillService Matched order completely filled
2015-09-08 20:19:52.871 DEBUG c.i.t.m.matcher.OrderFillService Matching order found - [Limit Order]: Symbol: FOO| Side: SELL | Quantity: 100 | Limit Price: 200.0 | Partial Fills Allowed: false
2015-09-08 20:19:52.871 DEBUG c.i.t.m.matcher.OrderFillService Transaction quantity is 100
2015-09-08 20:19:52.871 DEBUG c.i.t.m.matcher.OrderFillService Incoming order remaining quantity is 100
2015-09-08 20:19:52.872 DEBUG c.i.t.m.matcher.OrderFillService Matched order remaining quantity is 0
2015-09-08 20:19:52.872 INFO  c.i.t.m.matcher.OrderFillService Last traded price: 200.0
2015-09-08 20:19:52.872 DEBUG c.i.t.m.matcher.OrderFillService Matched order completely filled
2015-09-08 20:19:52.872 DEBUG c.i.t.m.matcher.OrderFillService Order is incomplete and no more matches exist in book.
2015-09-08 20:19:52.872 DEBUG c.i.t.m.matcher.OrderFillService Adding to order book
2015-09-08 20:19:52.872 DEBUG c.i.t.m.matcher.OrderFillService Converting market order to limit order at last traded price $200.0
2015-09-08 20:19:52.974 DEBUG c.i.t.m.orderbook.OrderBookService Order book for [FOO] doesn't exist. Creating.
2015-09-08 20:19:52.975 DEBUG c.i.t.m.matcher.OrderFillService New order - [Limit Order]: Symbol: FOO| Side: SELL | Quantity: 200 | Limit Price: 150.0 | Partial Fills Allowed: true
2015-09-08 20:19:52.975 DEBUG c.i.t.m.matcher.OrderFillService Matching order found - [Limit Order]: Symbol: FOO| Side: BUY | Quantity: 100 | Limit Price: 150.0 | Partial Fills Allowed: false
2015-09-08 20:19:52.975 DEBUG c.i.t.m.matcher.OrderFillService Transaction quantity is 100
2015-09-08 20:19:52.975 DEBUG c.i.t.m.matcher.OrderFillService Incoming order remaining quantity is 100
2015-09-08 20:19:52.975 DEBUG c.i.t.m.matcher.OrderFillService Matched order remaining quantity is 0
2015-09-08 20:19:52.975 INFO  c.i.t.m.matcher.OrderFillService Last traded price: 150.0
2015-09-08 20:19:52.975 DEBUG c.i.t.m.matcher.OrderFillService Matched order completely filled
2015-09-08 20:19:52.975 DEBUG c.i.t.m.matcher.OrderFillService Order is incomplete and no more matches exist in book.
2015-09-08 20:19:52.975 DEBUG c.i.t.m.matcher.OrderFillService Adding to order book
2015-09-08 20:19:52.978 DEBUG c.i.t.m.orderbook.OrderBookService Order book for [FOO] doesn't exist. Creating.
2015-09-08 20:19:52.979 DEBUG c.i.t.m.matcher.OrderFillService New order - [Limit Order]: Symbol: FOO| Side: SELL | Quantity: 200 | Limit Price: 150.0 | Partial Fills Allowed: false
2015-09-08 20:19:52.979 DEBUG c.i.t.m.matcher.OrderFillService Matching order found - [Limit Order]: Symbol: FOO| Side: BUY | Quantity: 100 | Limit Price: 150.0 | Partial Fills Allowed: false
2015-09-08 20:19:52.979 DEBUG c.i.t.m.matcher.OrderFillService Transaction quantity is 100
2015-09-08 20:19:52.979 DEBUG c.i.t.m.matcher.OrderFillService Incoming order remaining quantity is 100
2015-09-08 20:19:52.979 DEBUG c.i.t.m.matcher.OrderFillService Matched order remaining quantity is 0
2015-09-08 20:19:52.979 INFO  c.i.t.m.matcher.OrderFillService Last traded price: 150.0
2015-09-08 20:19:52.979 DEBUG c.i.t.m.matcher.OrderFillService Matched order completely filled
2015-09-08 20:19:52.979 DEBUG c.i.t.m.matcher.OrderFillService No matching order found
2015-09-08 20:19:52.979 DEBUG c.i.t.m.matcher.OrderFillService Order is incomplete and no more matches exist in book.
2015-09-08 20:19:52.980 DEBUG c.i.t.m.matcher.OrderFillService Partial fills not allowed for this order. Killing and reverting any limit orders used to fill it
2015-09-08 20:19:52.983 DEBUG c.i.t.m.orderbook.OrderBookService Order book for [FOO] doesn't exist. Creating.
2015-09-08 20:19:52.984 DEBUG c.i.t.m.matcher.OrderFillService New order - [Limit Order]: Symbol: FOO| Side: SELL | Quantity: 350 | Limit Price: 80.0 | Partial Fills Allowed: true
2015-09-08 20:19:52.985 DEBUG c.i.t.m.matcher.OrderFillService Matching order found - [Limit Order]: Symbol: FOO| Side: BUY | Quantity: 100 | Limit Price: 150.0 | Partial Fills Allowed: false
2015-09-08 20:19:52.985 DEBUG c.i.t.m.matcher.OrderFillService Transaction quantity is 100
2015-09-08 20:19:52.985 DEBUG c.i.t.m.matcher.OrderFillService Incoming order remaining quantity is 250
2015-09-08 20:19:52.985 DEBUG c.i.t.m.matcher.OrderFillService Matched order remaining quantity is 0
2015-09-08 20:19:52.985 INFO  c.i.t.m.matcher.OrderFillService Last traded price: 150.0
2015-09-08 20:19:52.985 DEBUG c.i.t.m.matcher.OrderFillService Matched order completely filled
2015-09-08 20:19:52.985 DEBUG c.i.t.m.matcher.OrderFillService Matching order found - [Limit Order]: Symbol: FOO| Side: BUY | Quantity: 120 | Limit Price: 150.0 | Partial Fills Allowed: false
2015-09-08 20:19:52.985 DEBUG c.i.t.m.matcher.OrderFillService Transaction quantity is 120
2015-09-08 20:19:52.985 DEBUG c.i.t.m.matcher.OrderFillService Incoming order remaining quantity is 130
2015-09-08 20:19:52.985 DEBUG c.i.t.m.matcher.OrderFillService Matched order remaining quantity is 0
2015-09-08 20:19:52.985 INFO  c.i.t.m.matcher.OrderFillService Last traded price: 150.0
2015-09-08 20:19:52.985 DEBUG c.i.t.m.matcher.OrderFillService Matched order completely filled
2015-09-08 20:19:52.985 DEBUG c.i.t.m.matcher.OrderFillService Matching order found - [Limit Order]: Symbol: FOO| Side: BUY | Quantity: 130 | Limit Price: 90.0 | Partial Fills Allowed: false
2015-09-08 20:19:52.985 DEBUG c.i.t.m.matcher.OrderFillService Transaction quantity is 130
2015-09-08 20:19:52.985 DEBUG c.i.t.m.matcher.OrderFillService Incoming order remaining quantity is 0
2015-09-08 20:19:52.985 DEBUG c.i.t.m.matcher.OrderFillService Matched order remaining quantity is 0
2015-09-08 20:19:52.985 INFO  c.i.t.m.matcher.OrderFillService Last traded price: 90.0
2015-09-08 20:19:52.986 DEBUG c.i.t.m.matcher.OrderFillService Matched order completely filled
2015-09-08 20:19:52.986 DEBUG c.i.t.m.matcher.OrderFillService Order is completed
2015-09-08 20:19:53.083 DEBUG c.i.t.m.orderbook.OrderBookService Order book for [FOO] doesn't exist. Creating.
2015-09-08 20:19:53.083 DEBUG c.i.t.m.matcher.OrderFillService New order - [Limit Order]: Symbol: FOO| Side: BUY | Quantity: 100 | Limit Price: 50.0 | Partial Fills Allowed: true
2015-09-08 20:19:53.083 DEBUG c.i.t.m.matcher.OrderFillService Order is incomplete and no more matches exist in book.
2015-09-08 20:19:53.084 DEBUG c.i.t.m.matcher.OrderFillService Adding to order book
2015-09-08 20:19:53.088 DEBUG c.i.t.m.orderbook.OrderBookService Order book for [FOO] doesn't exist. Creating.
2015-09-08 20:19:53.091 DEBUG c.i.t.m.matcher.OrderFillService New order - [Limit Order]: Symbol: FOO| Side: SELL | Quantity: 100 | Limit Price: 200.0 | Partial Fills Allowed: true
2015-09-08 20:19:53.091 DEBUG c.i.t.m.matcher.OrderFillService Matching order found - [Limit Order]: Symbol: FOO| Side: BUY | Quantity: 100 | Limit Price: 200.0 | Partial Fills Allowed: false
2015-09-08 20:19:53.091 DEBUG c.i.t.m.matcher.OrderFillService Transaction quantity is 100
2015-09-08 20:19:53.091 DEBUG c.i.t.m.matcher.OrderFillService Incoming order remaining quantity is 0
2015-09-08 20:19:53.091 DEBUG c.i.t.m.matcher.OrderFillService Matched order remaining quantity is 0
2015-09-08 20:19:53.091 INFO  c.i.t.m.matcher.OrderFillService Last traded price: 200.0
2015-09-08 20:19:53.091 DEBUG c.i.t.m.matcher.OrderFillService Matched order completely filled
2015-09-08 20:19:53.091 DEBUG c.i.t.m.matcher.OrderFillService Order is completed
2015-09-08 20:19:53.095 DEBUG c.i.t.m.orderbook.OrderBookService Order book for [FOO] doesn't exist. Creating.
2015-09-08 20:19:53.095 DEBUG c.i.t.m.orderbook.OrderBookService Order book for [BAR] doesn't exist. Creating.
2015-09-08 20:19:53.096 DEBUG c.i.t.m.matcher.OrderFillService New order - [Limit Order]: Symbol: FOO| Side: SELL | Quantity: 100 | Limit Price: 200.0 | Partial Fills Allowed: true
2015-09-08 20:19:53.096 DEBUG c.i.t.m.matcher.OrderFillService Matching order found - [Limit Order]: Symbol: FOO| Side: BUY | Quantity: 100 | Limit Price: 200.0 | Partial Fills Allowed: false
2015-09-08 20:19:53.096 DEBUG c.i.t.m.matcher.OrderFillService Transaction quantity is 100
2015-09-08 20:19:53.096 DEBUG c.i.t.m.matcher.OrderFillService Incoming order remaining quantity is 0
2015-09-08 20:19:53.096 DEBUG c.i.t.m.matcher.OrderFillService Matched order remaining quantity is 0
2015-09-08 20:19:53.096 INFO  c.i.t.m.matcher.OrderFillService Last traded price: 200.0
2015-09-08 20:19:53.097 DEBUG c.i.t.m.matcher.OrderFillService Matched order completely filled
2015-09-08 20:19:53.097 DEBUG c.i.t.m.matcher.OrderFillService Order is completed
2015-09-08 20:19:53.102 DEBUG c.i.t.m.orderbook.OrderBookService Order book for [FOO] doesn't exist. Creating.
2015-09-08 20:19:53.102 DEBUG c.i.t.m.matcher.OrderFillService New order - [Limit Order]: Symbol: FOO| Side: BUY | Quantity: 150 | Limit Price: 200.0 | Partial Fills Allowed: true
2015-09-08 20:19:53.102 DEBUG c.i.t.m.matcher.OrderFillService Matching order found - [Limit Order]: Symbol: FOO| Side: SELL | Quantity: 100 | Limit Price: 200.0 | Partial Fills Allowed: false
2015-09-08 20:19:53.102 DEBUG c.i.t.m.matcher.OrderFillService Transaction quantity is 100
2015-09-08 20:19:53.102 DEBUG c.i.t.m.matcher.OrderFillService Incoming order remaining quantity is 50
2015-09-08 20:19:53.102 DEBUG c.i.t.m.matcher.OrderFillService Matched order remaining quantity is 0
2015-09-08 20:19:53.102 INFO  c.i.t.m.matcher.OrderFillService Last traded price: 200.0
2015-09-08 20:19:53.102 DEBUG c.i.t.m.matcher.OrderFillService Matched order completely filled
2015-09-08 20:19:53.102 DEBUG c.i.t.m.matcher.OrderFillService Order is incomplete and no more matches exist in book.
2015-09-08 20:19:53.103 DEBUG c.i.t.m.matcher.OrderFillService Adding to order book
2015-09-08 20:19:53.106 DEBUG c.i.t.m.orderbook.OrderBookService Order book for [FOO] doesn't exist. Creating.
2015-09-08 20:19:53.108 DEBUG c.i.t.m.matcher.OrderFillService New order - [Limit Order]: Symbol: FOO| Side: BUY | Quantity: 300 | Limit Price: 200.0 | Partial Fills Allowed: true
2015-09-08 20:19:53.108 DEBUG c.i.t.m.matcher.OrderFillService Matching order found - [Limit Order]: Symbol: FOO| Side: SELL | Quantity: 100 | Limit Price: 200.0 | Partial Fills Allowed: false
2015-09-08 20:19:53.108 DEBUG c.i.t.m.matcher.OrderFillService Transaction quantity is 100
2015-09-08 20:19:53.108 DEBUG c.i.t.m.matcher.OrderFillService Incoming order remaining quantity is 200
2015-09-08 20:19:53.108 DEBUG c.i.t.m.matcher.OrderFillService Matched order remaining quantity is 0
2015-09-08 20:19:53.108 INFO  c.i.t.m.matcher.OrderFillService Last traded price: 200.0
2015-09-08 20:19:53.108 DEBUG c.i.t.m.matcher.OrderFillService Matched order completely filled
2015-09-08 20:19:53.108 DEBUG c.i.t.m.matcher.OrderFillService Matching order found - [Limit Order]: Symbol: FOO| Side: SELL | Quantity: 150 | Limit Price: 200.0 | Partial Fills Allowed: false
2015-09-08 20:19:53.109 DEBUG c.i.t.m.matcher.OrderFillService Transaction quantity is 150
2015-09-08 20:19:53.109 DEBUG c.i.t.m.matcher.OrderFillService Incoming order remaining quantity is 50
2015-09-08 20:19:53.109 DEBUG c.i.t.m.matcher.OrderFillService Matched order remaining quantity is 0
2015-09-08 20:19:53.109 INFO  c.i.t.m.matcher.OrderFillService Last traded price: 200.0
2015-09-08 20:19:53.109 DEBUG c.i.t.m.matcher.OrderFillService Matched order completely filled
2015-09-08 20:19:53.109 DEBUG c.i.t.m.matcher.OrderFillService Order is incomplete and no more matches exist in book.
2015-09-08 20:19:53.109 DEBUG c.i.t.m.matcher.OrderFillService Adding to order book
2015-09-08 20:19:53.113 DEBUG c.i.t.m.orderbook.OrderBookService Order book for [FOO] doesn't exist. Creating.
2015-09-08 20:19:53.147 DEBUG c.i.t.m.matcher.OrderFillService New order - [Limit Order]: Symbol: FOO| Side: SELL | Quantity: 100 | Limit Price: 145.0 | Partial Fills Allowed: true
2015-09-08 20:19:53.147 DEBUG c.i.t.m.matcher.OrderFillService Matching order found - [Limit Order]: Symbol: FOO| Side: BUY | Quantity: 100 | Limit Price: 150.0 | Partial Fills Allowed: false
2015-09-08 20:19:53.156 DEBUG c.i.t.m.matcher.OrderFillService Transaction quantity is 100
2015-09-08 20:19:53.157 DEBUG c.i.t.m.matcher.OrderFillService Incoming order remaining quantity is 0
2015-09-08 20:19:53.157 DEBUG c.i.t.m.matcher.OrderFillService Matched order remaining quantity is 0
2015-09-08 20:19:53.157 INFO  c.i.t.m.matcher.OrderFillService Last traded price: 150.0
2015-09-08 20:19:53.157 DEBUG c.i.t.m.matcher.OrderFillService Matched order completely filled
2015-09-08 20:19:53.160 DEBUG c.i.t.m.matcher.OrderFillService Order is completed
2015-09-08 20:19:53.248 DEBUG c.i.t.m.orderbook.OrderBookService Order book for [FOO] doesn't exist. Creating.
2015-09-08 20:19:53.252 DEBUG c.i.t.m.matcher.OrderFillService New order - [Limit Order]: Symbol: FOO| Side: SELL | Quantity: 150 | Limit Price: 100.0 | Partial Fills Allowed: true
2015-09-08 20:19:53.252 DEBUG c.i.t.m.matcher.OrderFillService Order is incomplete and no more matches exist in book.
2015-09-08 20:19:53.252 DEBUG c.i.t.m.matcher.OrderFillService Adding to order book
2015-09-08 20:19:53.259 DEBUG c.i.t.m.orderbook.OrderBookService Order book for [FOO] doesn't exist. Creating.
2015-09-08 20:19:53.260 DEBUG c.i.t.m.matcher.OrderFillService New order - [Limit Order]: Symbol: FOO| Side: BUY | Quantity: 150 | Limit Price: 100.0 | Partial Fills Allowed: true
2015-09-08 20:19:53.260 DEBUG c.i.t.m.matcher.OrderFillService Order is incomplete and no more matches exist in book.
2015-09-08 20:19:53.260 DEBUG c.i.t.m.matcher.OrderFillService Adding to order book
2015-09-08 20:19:53.263 DEBUG c.i.t.m.orderbook.OrderBookService Order book for [FOO] doesn't exist. Creating.
2015-09-08 20:19:53.264 DEBUG c.i.t.m.matcher.OrderFillService New order - [Limit Order]: Symbol: FOO| Side: SELL | Quantity: 150 | Limit Price: 200.0 | Partial Fills Allowed: true
2015-09-08 20:19:53.264 DEBUG c.i.t.m.matcher.OrderFillService Order is incomplete and no more matches exist in book.
2015-09-08 20:19:53.264 DEBUG c.i.t.m.matcher.OrderFillService Adding to order book
2015-09-08 20:19:53.332 DEBUG c.i.t.m.orderbook.OrderBookService Order book for [FOO] doesn't exist. Creating.
2015-09-08 20:19:53.333 DEBUG c.i.t.m.matcher.OrderFillService New order - [Market Order]: Symbol: FOO Side: BUY | Quantity: 300 | Last Traded Price: null
2015-09-08 20:19:53.333 DEBUG c.i.t.m.matcher.OrderFillService Matching order found - [Limit Order]: Symbol: FOO| Side: SELL | Quantity: 100 | Limit Price: 200.0 | Partial Fills Allowed: false
2015-09-08 20:19:53.333 DEBUG c.i.t.m.matcher.OrderFillService Transaction quantity is 100
2015-09-08 20:19:53.333 DEBUG c.i.t.m.matcher.OrderFillService Incoming order remaining quantity is 200
2015-09-08 20:19:53.333 DEBUG c.i.t.m.matcher.OrderFillService Matched order remaining quantity is 0
2015-09-08 20:19:53.333 INFO  c.i.t.m.matcher.OrderFillService Last traded price: 200.0
2015-09-08 20:19:53.333 DEBUG c.i.t.m.matcher.OrderFillService Matched order completely filled
2015-09-08 20:19:53.333 DEBUG c.i.t.m.matcher.OrderFillService No matching order found
2015-09-08 20:19:53.333 DEBUG c.i.t.m.matcher.OrderFillService Order is incomplete and no more matches exist in book.
2015-09-08 20:19:53.333 DEBUG c.i.t.m.matcher.OrderFillService Partial fills not allowed for this order. Killing and reverting any limit orders used to fill it
2015-09-08 20:19:53.336 DEBUG c.i.t.m.orderbook.OrderBookService Order book for [FOO] doesn't exist. Creating.
2015-09-08 20:19:53.337 DEBUG c.i.t.m.matcher.OrderFillService New order - [Market Order]: Symbol: FOO Side: BUY | Quantity: 100 | Last Traded Price: null
2015-09-08 20:19:53.337 DEBUG c.i.t.m.matcher.OrderFillService Matching order found - [Limit Order]: Symbol: FOO| Side: SELL | Quantity: 100 | Limit Price: 200.0 | Partial Fills Allowed: false
2015-09-08 20:19:53.337 DEBUG c.i.t.m.matcher.OrderFillService Transaction quantity is 100
2015-09-08 20:19:53.337 DEBUG c.i.t.m.matcher.OrderFillService Incoming order remaining quantity is 0
2015-09-08 20:19:53.337 DEBUG c.i.t.m.matcher.OrderFillService Matched order remaining quantity is 0
2015-09-08 20:19:53.337 INFO  c.i.t.m.matcher.OrderFillService Last traded price: 200.0
2015-09-08 20:19:53.337 DEBUG c.i.t.m.matcher.OrderFillService Matched order completely filled
2015-09-08 20:19:53.337 DEBUG c.i.t.m.matcher.OrderFillService Order is completed
2015-09-08 20:19:53.410 DEBUG c.i.t.m.orderbook.OrderBookService Order book for [FOO] doesn't exist. Creating.
2015-09-08 20:19:53.411 DEBUG c.i.t.m.matcher.OrderFillService New order - [Limit Order]: Symbol: FOO| Side: SELL | Quantity: 200 | Limit Price: 150.0 | Partial Fills Allowed: true
2015-09-08 20:19:53.411 DEBUG c.i.t.m.matcher.OrderFillService Matching order found - [Limit Order]: Symbol: FOO| Side: BUY | Quantity: 100 | Limit Price: 150.0 | Partial Fills Allowed: false
2015-09-08 20:19:53.411 DEBUG c.i.t.m.matcher.OrderFillService Transaction quantity is 100
2015-09-08 20:19:53.412 DEBUG c.i.t.m.matcher.OrderFillService Incoming order remaining quantity is 100
2015-09-08 20:19:53.412 DEBUG c.i.t.m.matcher.OrderFillService Matched order remaining quantity is 0
2015-09-08 20:19:53.412 INFO  c.i.t.m.matcher.OrderFillService Last traded price: 150.0
2015-09-08 20:19:53.412 DEBUG c.i.t.m.matcher.OrderFillService Matched order completely filled
2015-09-08 20:19:53.412 DEBUG c.i.t.m.matcher.OrderFillService Order is incomplete and no more matches exist in book.
2015-09-08 20:19:53.412 DEBUG c.i.t.m.matcher.OrderFillService Adding to order book
2015-09-08 20:19:53.414 DEBUG c.i.t.m.orderbook.OrderBookService Order book for [FOO] doesn't exist. Creating.
2015-09-08 20:19:53.415 DEBUG c.i.t.m.matcher.OrderFillService New order - [Limit Order]: Symbol: FOO| Side: SELL | Quantity: 200 | Limit Price: 150.0 | Partial Fills Allowed: false
2015-09-08 20:19:53.415 DEBUG c.i.t.m.matcher.OrderFillService Matching order found - [Limit Order]: Symbol: FOO| Side: BUY | Quantity: 100 | Limit Price: 150.0 | Partial Fills Allowed: false
2015-09-08 20:19:53.415 DEBUG c.i.t.m.matcher.OrderFillService Transaction quantity is 100
2015-09-08 20:19:53.416 DEBUG c.i.t.m.matcher.OrderFillService Incoming order remaining quantity is 100
2015-09-08 20:19:53.416 DEBUG c.i.t.m.matcher.OrderFillService Matched order remaining quantity is 0
2015-09-08 20:19:53.416 INFO  c.i.t.m.matcher.OrderFillService Last traded price: 150.0
2015-09-08 20:19:53.416 DEBUG c.i.t.m.matcher.OrderFillService Matched order completely filled
2015-09-08 20:19:53.416 DEBUG c.i.t.m.matcher.OrderFillService No matching order found
2015-09-08 20:19:53.416 DEBUG c.i.t.m.matcher.OrderFillService Order is incomplete and no more matches exist in book.
2015-09-08 20:19:53.416 DEBUG c.i.t.m.matcher.OrderFillService Partial fills not allowed for this order. Killing and reverting any limit orders used to fill it
2015-09-08 20:19:53.418 DEBUG c.i.t.m.orderbook.OrderBookService Order book for [FOO] doesn't exist. Creating.
2015-09-08 20:19:53.419 DEBUG c.i.t.m.matcher.OrderFillService New order - [Limit Order]: Symbol: FOO| Side: SELL | Quantity: 350 | Limit Price: 80.0 | Partial Fills Allowed: true
2015-09-08 20:19:53.419 DEBUG c.i.t.m.matcher.OrderFillService Matching order found - [Limit Order]: Symbol: FOO| Side: BUY | Quantity: 100 | Limit Price: 150.0 | Partial Fills Allowed: false
2015-09-08 20:19:53.419 DEBUG c.i.t.m.matcher.OrderFillService Transaction quantity is 100
2015-09-08 20:19:53.419 DEBUG c.i.t.m.matcher.OrderFillService Incoming order remaining quantity is 250
2015-09-08 20:19:53.419 DEBUG c.i.t.m.matcher.OrderFillService Matched order remaining quantity is 0
2015-09-08 20:19:53.419 INFO  c.i.t.m.matcher.OrderFillService Last traded price: 150.0
2015-09-08 20:19:53.419 DEBUG c.i.t.m.matcher.OrderFillService Matched order completely filled
2015-09-08 20:19:53.419 DEBUG c.i.t.m.matcher.OrderFillService Matching order found - [Limit Order]: Symbol: FOO| Side: BUY | Quantity: 120 | Limit Price: 150.0 | Partial Fills Allowed: false
2015-09-08 20:19:53.419 DEBUG c.i.t.m.matcher.OrderFillService Transaction quantity is 120
2015-09-08 20:19:53.419 DEBUG c.i.t.m.matcher.OrderFillService Incoming order remaining quantity is 130
2015-09-08 20:19:53.419 DEBUG c.i.t.m.matcher.OrderFillService Matched order remaining quantity is 0
2015-09-08 20:19:53.419 INFO  c.i.t.m.matcher.OrderFillService Last traded price: 150.0
2015-09-08 20:19:53.419 DEBUG c.i.t.m.matcher.OrderFillService Matched order completely filled
2015-09-08 20:19:53.420 DEBUG c.i.t.m.matcher.OrderFillService Matching order found - [Limit Order]: Symbol: FOO| Side: BUY | Quantity: 130 | Limit Price: 90.0 | Partial Fills Allowed: false
2015-09-08 20:19:53.420 DEBUG c.i.t.m.matcher.OrderFillService Transaction quantity is 130
2015-09-08 20:19:53.420 DEBUG c.i.t.m.matcher.OrderFillService Incoming order remaining quantity is 0
2015-09-08 20:19:53.420 DEBUG c.i.t.m.matcher.OrderFillService Matched order remaining quantity is 0
2015-09-08 20:19:53.420 INFO  c.i.t.m.matcher.OrderFillService Last traded price: 90.0
2015-09-08 20:19:53.420 DEBUG c.i.t.m.matcher.OrderFillService Matched order completely filled
2015-09-08 20:19:53.420 DEBUG c.i.t.m.matcher.OrderFillService Order is completed
2015-09-08 20:23:31.280 DEBUG c.i.t.m.orderbook.OrderBookService Order book for [FOO] doesn't exist. Creating.
2015-09-08 20:23:31.288 DEBUG c.i.t.m.matcher.OrderFillService New order - [Limit Order]: Symbol: FOO| Side: SELL | Quantity: 150 | Limit Price: 100.0 | Partial Fills Allowed: true
2015-09-08 20:23:31.289 DEBUG c.i.t.m.matcher.OrderFillService Order is incomplete and no more matches exist in book.
2015-09-08 20:23:31.289 DEBUG c.i.t.m.matcher.OrderFillService Adding to order book
2015-09-08 20:23:31.299 DEBUG c.i.t.m.orderbook.OrderBookService Order book for [FOO] doesn't exist. Creating.
2015-09-08 20:23:31.300 DEBUG c.i.t.m.matcher.OrderFillService New order - [Limit Order]: Symbol: FOO| Side: BUY | Quantity: 150 | Limit Price: 100.0 | Partial Fills Allowed: true
2015-09-08 20:23:31.300 DEBUG c.i.t.m.matcher.OrderFillService Order is incomplete and no more matches exist in book.
2015-09-08 20:23:31.300 DEBUG c.i.t.m.matcher.OrderFillService Adding to order book
2015-09-08 20:23:31.306 DEBUG c.i.t.m.orderbook.OrderBookService Order book for [FOO] doesn't exist. Creating.
2015-09-08 20:23:31.307 DEBUG c.i.t.m.matcher.OrderFillService New order - [Limit Order]: Symbol: FOO| Side: SELL | Quantity: 150 | Limit Price: 200.0 | Partial Fills Allowed: true
2015-09-08 20:23:31.308 DEBUG c.i.t.m.matcher.OrderFillService Order is incomplete and no more matches exist in book.
2015-09-08 20:23:31.308 DEBUG c.i.t.m.matcher.OrderFillService Adding to order book
2015-09-08 20:23:31.416 DEBUG c.i.t.m.orderbook.OrderBookService Order book for [FOO] doesn't exist. Creating.
2015-09-08 20:23:31.417 DEBUG c.i.t.m.matcher.OrderFillService New order - [Limit Order]: Symbol: FOO| Side: SELL | Quantity: 200 | Limit Price: 150.0 | Partial Fills Allowed: true
2015-09-08 20:23:31.417 DEBUG c.i.t.m.matcher.OrderFillService Matching order found - [Limit Order]: Symbol: FOO| Side: BUY | Quantity: 100 | Limit Price: 150.0 | Partial Fills Allowed: false
2015-09-08 20:23:31.417 DEBUG c.i.t.m.matcher.OrderFillService Transaction quantity is 100
2015-09-08 20:23:31.417 DEBUG c.i.t.m.matcher.OrderFillService Incoming order remaining quantity is 100
2015-09-08 20:23:31.417 DEBUG c.i.t.m.matcher.OrderFillService Matched order remaining quantity is 0
2015-09-08 20:23:31.417 INFO  c.i.t.m.matcher.OrderFillService Last traded price: 150.0
2015-09-08 20:23:31.418 DEBUG c.i.t.m.matcher.OrderFillService Matched order completely filled
2015-09-08 20:23:31.458 DEBUG c.i.t.m.matcher.OrderFillService Order is incomplete and no more matches exist in book.
2015-09-08 20:23:31.458 DEBUG c.i.t.m.matcher.OrderFillService Adding to order book
2015-09-08 20:23:31.463 DEBUG c.i.t.m.orderbook.OrderBookService Order book for [FOO] doesn't exist. Creating.
2015-09-08 20:23:31.464 DEBUG c.i.t.m.matcher.OrderFillService New order - [Limit Order]: Symbol: FOO| Side: SELL | Quantity: 200 | Limit Price: 150.0 | Partial Fills Allowed: false
2015-09-08 20:23:31.464 DEBUG c.i.t.m.matcher.OrderFillService Matching order found - [Limit Order]: Symbol: FOO| Side: BUY | Quantity: 100 | Limit Price: 150.0 | Partial Fills Allowed: false
2015-09-08 20:23:31.464 DEBUG c.i.t.m.matcher.OrderFillService Transaction quantity is 100
2015-09-08 20:23:31.464 DEBUG c.i.t.m.matcher.OrderFillService Incoming order remaining quantity is 100
2015-09-08 20:23:31.464 DEBUG c.i.t.m.matcher.OrderFillService Matched order remaining quantity is 0
2015-09-08 20:23:31.464 INFO  c.i.t.m.matcher.OrderFillService Last traded price: 150.0
2015-09-08 20:23:31.465 DEBUG c.i.t.m.matcher.OrderFillService Matched order completely filled
2015-09-08 20:23:31.465 DEBUG c.i.t.m.matcher.OrderFillService No matching order found
2015-09-08 20:23:31.465 DEBUG c.i.t.m.matcher.OrderFillService Order is incomplete and no more matches exist in book.
2015-09-08 20:23:31.465 DEBUG c.i.t.m.matcher.OrderFillService Partial fills not allowed for this order. Killing and reverting any limit orders used to fill it
2015-09-08 20:23:31.469 DEBUG c.i.t.m.orderbook.OrderBookService Order book for [FOO] doesn't exist. Creating.
2015-09-08 20:23:31.471 DEBUG c.i.t.m.matcher.OrderFillService New order - [Limit Order]: Symbol: FOO| Side: SELL | Quantity: 350 | Limit Price: 80.0 | Partial Fills Allowed: true
2015-09-08 20:23:31.471 DEBUG c.i.t.m.matcher.OrderFillService Matching order found - [Limit Order]: Symbol: FOO| Side: BUY | Quantity: 100 | Limit Price: 150.0 | Partial Fills Allowed: false
2015-09-08 20:23:31.471 DEBUG c.i.t.m.matcher.OrderFillService Transaction quantity is 100
2015-09-08 20:23:31.471 DEBUG c.i.t.m.matcher.OrderFillService Incoming order remaining quantity is 250
2015-09-08 20:23:31.471 DEBUG c.i.t.m.matcher.OrderFillService Matched order remaining quantity is 0
2015-09-08 20:23:31.471 INFO  c.i.t.m.matcher.OrderFillService Last traded price: 150.0
2015-09-08 20:23:31.472 DEBUG c.i.t.m.matcher.OrderFillService Matched order completely filled
2015-09-08 20:23:31.472 DEBUG c.i.t.m.matcher.OrderFillService Matching order found - [Limit Order]: Symbol: FOO| Side: BUY | Quantity: 120 | Limit Price: 150.0 | Partial Fills Allowed: false
2015-09-08 20:23:31.472 DEBUG c.i.t.m.matcher.OrderFillService Transaction quantity is 120
2015-09-08 20:23:31.472 DEBUG c.i.t.m.matcher.OrderFillService Incoming order remaining quantity is 130
2015-09-08 20:23:31.472 DEBUG c.i.t.m.matcher.OrderFillService Matched order remaining quantity is 0
2015-09-08 20:23:31.472 INFO  c.i.t.m.matcher.OrderFillService Last traded price: 150.0
2015-09-08 20:23:31.472 DEBUG c.i.t.m.matcher.OrderFillService Matched order completely filled
2015-09-08 20:23:31.473 DEBUG c.i.t.m.matcher.OrderFillService Matching order found - [Limit Order]: Symbol: FOO| Side: BUY | Quantity: 130 | Limit Price: 90.0 | Partial Fills Allowed: false
2015-09-08 20:23:31.473 DEBUG c.i.t.m.matcher.OrderFillService Transaction quantity is 130
2015-09-08 20:23:31.473 DEBUG c.i.t.m.matcher.OrderFillService Incoming order remaining quantity is 0
2015-09-08 20:23:31.473 DEBUG c.i.t.m.matcher.OrderFillService Matched order remaining quantity is 0
2015-09-08 20:23:31.473 INFO  c.i.t.m.matcher.OrderFillService Last traded price: 90.0
2015-09-08 20:23:31.473 DEBUG c.i.t.m.matcher.OrderFillService Matched order completely filled
2015-09-08 20:23:31.473 DEBUG c.i.t.m.matcher.OrderFillService Order is completed
2015-09-08 20:23:31.600 DEBUG c.i.t.m.orderbook.OrderBookService Order book for [FOO] doesn't exist. Creating.
2015-09-08 20:23:31.601 DEBUG c.i.t.m.matcher.OrderFillService New order - [Limit Order]: Symbol: FOO| Side: SELL | Quantity: 200 | Limit Price: 150.0 | Partial Fills Allowed: true
2015-09-08 20:23:31.602 DEBUG c.i.t.m.matcher.OrderFillService Matching order found - [Limit Order]: Symbol: FOO| Side: BUY | Quantity: 100 | Limit Price: 150.0 | Partial Fills Allowed: false
2015-09-08 20:23:31.602 DEBUG c.i.t.m.matcher.OrderFillService Transaction quantity is 100
2015-09-08 20:23:31.602 DEBUG c.i.t.m.matcher.OrderFillService Incoming order remaining quantity is 100
2015-09-08 20:23:31.603 DEBUG c.i.t.m.matcher.OrderFillService Matched order remaining quantity is 0
2015-09-08 20:23:31.603 INFO  c.i.t.m.matcher.OrderFillService Last traded price: 150.0
2015-09-08 20:23:31.603 DEBUG c.i.t.m.matcher.OrderFillService Matched order completely filled
2015-09-08 20:23:31.604 DEBUG c.i.t.m.matcher.OrderFillService Order is incomplete and no more matches exist in book.
2015-09-08 20:23:31.604 DEBUG c.i.t.m.matcher.OrderFillService Adding to order book
2015-09-08 20:23:31.624 DEBUG c.i.t.m.orderbook.OrderBookService Order book for [FOO] doesn't exist. Creating.
2015-09-08 20:23:31.626 DEBUG c.i.t.m.matcher.OrderFillService New order - [Limit Order]: Symbol: FOO| Side: SELL | Quantity: 200 | Limit Price: 150.0 | Partial Fills Allowed: false
2015-09-08 20:23:31.627 DEBUG c.i.t.m.matcher.OrderFillService Matching order found - [Limit Order]: Symbol: FOO| Side: BUY | Quantity: 100 | Limit Price: 150.0 | Partial Fills Allowed: false
2015-09-08 20:23:31.628 DEBUG c.i.t.m.matcher.OrderFillService Transaction quantity is 100
2015-09-08 20:23:31.628 DEBUG c.i.t.m.matcher.OrderFillService Incoming order remaining quantity is 100
2015-09-08 20:23:31.628 DEBUG c.i.t.m.matcher.OrderFillService Matched order remaining quantity is 0
2015-09-08 20:23:31.628 INFO  c.i.t.m.matcher.OrderFillService Last traded price: 150.0
2015-09-08 20:23:31.628 DEBUG c.i.t.m.matcher.OrderFillService Matched order completely filled
2015-09-08 20:23:31.628 DEBUG c.i.t.m.matcher.OrderFillService No matching order found
2015-09-08 20:23:31.628 DEBUG c.i.t.m.matcher.OrderFillService Order is incomplete and no more matches exist in book.
2015-09-08 20:23:31.629 DEBUG c.i.t.m.matcher.OrderFillService Partial fills not allowed for this order. Killing and reverting any limit orders used to fill it
2015-09-08 20:23:31.634 DEBUG c.i.t.m.orderbook.OrderBookService Order book for [FOO] doesn't exist. Creating.
2015-09-08 20:23:31.641 DEBUG c.i.t.m.matcher.OrderFillService New order - [Limit Order]: Symbol: FOO| Side: SELL | Quantity: 350 | Limit Price: 80.0 | Partial Fills Allowed: true
2015-09-08 20:23:31.643 DEBUG c.i.t.m.matcher.OrderFillService Matching order found - [Limit Order]: Symbol: FOO| Side: BUY | Quantity: 100 | Limit Price: 150.0 | Partial Fills Allowed: false
2015-09-08 20:23:31.643 DEBUG c.i.t.m.matcher.OrderFillService Transaction quantity is 100
2015-09-08 20:23:31.644 DEBUG c.i.t.m.matcher.OrderFillService Incoming order remaining quantity is 250
2015-09-08 20:23:31.644 DEBUG c.i.t.m.matcher.OrderFillService Matched order remaining quantity is 0
2015-09-08 20:23:31.644 INFO  c.i.t.m.matcher.OrderFillService Last traded price: 150.0
2015-09-08 20:23:31.644 DEBUG c.i.t.m.matcher.OrderFillService Matched order completely filled
2015-09-08 20:23:31.645 DEBUG c.i.t.m.matcher.OrderFillService Matching order found - [Limit Order]: Symbol: FOO| Side: BUY | Quantity: 120 | Limit Price: 150.0 | Partial Fills Allowed: false
2015-09-08 20:23:31.645 DEBUG c.i.t.m.matcher.OrderFillService Transaction quantity is 120
2015-09-08 20:23:31.646 DEBUG c.i.t.m.matcher.OrderFillService Incoming order remaining quantity is 130
2015-09-08 20:23:31.646 DEBUG c.i.t.m.matcher.OrderFillService Matched order remaining quantity is 0
2015-09-08 20:23:31.646 INFO  c.i.t.m.matcher.OrderFillService Last traded price: 150.0
2015-09-08 20:23:31.647 DEBUG c.i.t.m.matcher.OrderFillService Matched order completely filled
2015-09-08 20:23:31.647 DEBUG c.i.t.m.matcher.OrderFillService Matching order found - [Limit Order]: Symbol: FOO| Side: BUY | Quantity: 130 | Limit Price: 90.0 | Partial Fills Allowed: false
2015-09-08 20:23:31.648 DEBUG c.i.t.m.matcher.OrderFillService Transaction quantity is 130
2015-09-08 20:23:31.648 DEBUG c.i.t.m.matcher.OrderFillService Incoming order remaining quantity is 0
2015-09-08 20:23:31.648 DEBUG c.i.t.m.matcher.OrderFillService Matched order remaining quantity is 0
2015-09-08 20:23:31.649 INFO  c.i.t.m.matcher.OrderFillService Last traded price: 90.0
2015-09-08 20:23:31.649 DEBUG c.i.t.m.matcher.OrderFillService Matched order completely filled
2015-09-08 20:23:31.649 DEBUG c.i.t.m.matcher.OrderFillService Order is completed
2015-09-08 20:23:31.723 DEBUG c.i.t.m.orderbook.OrderBookService Order book for [FOO] doesn't exist. Creating.
2015-09-08 20:23:31.723 DEBUG c.i.t.m.matcher.OrderFillService New order - [Limit Order]: Symbol: FOO| Side: BUY | Quantity: 100 | Limit Price: 50.0 | Partial Fills Allowed: true
2015-09-08 20:23:31.724 DEBUG c.i.t.m.matcher.OrderFillService Order is incomplete and no more matches exist in book.
2015-09-08 20:23:31.724 DEBUG c.i.t.m.matcher.OrderFillService Adding to order book
2015-09-08 20:23:31.730 DEBUG c.i.t.m.orderbook.OrderBookService Order book for [FOO] doesn't exist. Creating.
2015-09-08 20:23:31.735 DEBUG c.i.t.m.matcher.OrderFillService New order - [Limit Order]: Symbol: FOO| Side: SELL | Quantity: 100 | Limit Price: 200.0 | Partial Fills Allowed: true
2015-09-08 20:23:31.736 DEBUG c.i.t.m.matcher.OrderFillService Matching order found - [Limit Order]: Symbol: FOO| Side: BUY | Quantity: 100 | Limit Price: 200.0 | Partial Fills Allowed: false
2015-09-08 20:23:31.744 DEBUG c.i.t.m.matcher.OrderFillService Transaction quantity is 100
2015-09-08 20:23:31.745 DEBUG c.i.t.m.matcher.OrderFillService Incoming order remaining quantity is 0
2015-09-08 20:23:31.745 DEBUG c.i.t.m.matcher.OrderFillService Matched order remaining quantity is 0
2015-09-08 20:23:31.746 INFO  c.i.t.m.matcher.OrderFillService Last traded price: 200.0
2015-09-08 20:23:31.746 DEBUG c.i.t.m.matcher.OrderFillService Matched order completely filled
2015-09-08 20:23:31.747 DEBUG c.i.t.m.matcher.OrderFillService Order is completed
2015-09-08 20:23:31.761 DEBUG c.i.t.m.orderbook.OrderBookService Order book for [FOO] doesn't exist. Creating.
2015-09-08 20:23:31.762 DEBUG c.i.t.m.orderbook.OrderBookService Order book for [BAR] doesn't exist. Creating.
2015-09-08 20:23:31.768 DEBUG c.i.t.m.matcher.OrderFillService New order - [Limit Order]: Symbol: FOO| Side: SELL | Quantity: 100 | Limit Price: 200.0 | Partial Fills Allowed: true
2015-09-08 20:23:31.769 DEBUG c.i.t.m.matcher.OrderFillService Matching order found - [Limit Order]: Symbol: FOO| Side: BUY | Quantity: 100 | Limit Price: 200.0 | Partial Fills Allowed: false
2015-09-08 20:23:31.769 DEBUG c.i.t.m.matcher.OrderFillService Transaction quantity is 100
2015-09-08 20:23:31.769 DEBUG c.i.t.m.matcher.OrderFillService Incoming order remaining quantity is 0
2015-09-08 20:23:31.770 DEBUG c.i.t.m.matcher.OrderFillService Matched order remaining quantity is 0
2015-09-08 20:23:31.771 INFO  c.i.t.m.matcher.OrderFillService Last traded price: 200.0
2015-09-08 20:23:31.771 DEBUG c.i.t.m.matcher.OrderFillService Matched order completely filled
2015-09-08 20:23:31.771 DEBUG c.i.t.m.matcher.OrderFillService Order is completed
2015-09-08 20:23:31.776 DEBUG c.i.t.m.orderbook.OrderBookService Order book for [FOO] doesn't exist. Creating.
2015-09-08 20:23:31.786 DEBUG c.i.t.m.matcher.OrderFillService New order - [Limit Order]: Symbol: FOO| Side: BUY | Quantity: 150 | Limit Price: 200.0 | Partial Fills Allowed: true
2015-09-08 20:23:31.787 DEBUG c.i.t.m.matcher.OrderFillService Matching order found - [Limit Order]: Symbol: FOO| Side: SELL | Quantity: 100 | Limit Price: 200.0 | Partial Fills Allowed: false
2015-09-08 20:23:31.787 DEBUG c.i.t.m.matcher.OrderFillService Transaction quantity is 100
2015-09-08 20:23:31.787 DEBUG c.i.t.m.matcher.OrderFillService Incoming order remaining quantity is 50
2015-09-08 20:23:31.787 DEBUG c.i.t.m.matcher.OrderFillService Matched order remaining quantity is 0
2015-09-08 20:23:31.787 INFO  c.i.t.m.matcher.OrderFillService Last traded price: 200.0
2015-09-08 20:23:31.788 DEBUG c.i.t.m.matcher.OrderFillService Matched order completely filled
2015-09-08 20:23:31.788 DEBUG c.i.t.m.matcher.OrderFillService Order is incomplete and no more matches exist in book.
2015-09-08 20:23:31.788 DEBUG c.i.t.m.matcher.OrderFillService Adding to order book
2015-09-08 20:23:31.796 DEBUG c.i.t.m.orderbook.OrderBookService Order book for [FOO] doesn't exist. Creating.
2015-09-08 20:23:31.798 DEBUG c.i.t.m.matcher.OrderFillService New order - [Limit Order]: Symbol: FOO| Side: BUY | Quantity: 300 | Limit Price: 200.0 | Partial Fills Allowed: true
2015-09-08 20:23:31.799 DEBUG c.i.t.m.matcher.OrderFillService Matching order found - [Limit Order]: Symbol: FOO| Side: SELL | Quantity: 100 | Limit Price: 200.0 | Partial Fills Allowed: false
2015-09-08 20:23:31.799 DEBUG c.i.t.m.matcher.OrderFillService Transaction quantity is 100
2015-09-08 20:23:31.799 DEBUG c.i.t.m.matcher.OrderFillService Incoming order remaining quantity is 200
2015-09-08 20:23:31.799 DEBUG c.i.t.m.matcher.OrderFillService Matched order remaining quantity is 0
2015-09-08 20:23:31.800 INFO  c.i.t.m.matcher.OrderFillService Last traded price: 200.0
2015-09-08 20:23:31.800 DEBUG c.i.t.m.matcher.OrderFillService Matched order completely filled
2015-09-08 20:23:31.800 DEBUG c.i.t.m.matcher.OrderFillService Matching order found - [Limit Order]: Symbol: FOO| Side: SELL | Quantity: 150 | Limit Price: 200.0 | Partial Fills Allowed: false
2015-09-08 20:23:31.800 DEBUG c.i.t.m.matcher.OrderFillService Transaction quantity is 150
2015-09-08 20:23:31.800 DEBUG c.i.t.m.matcher.OrderFillService Incoming order remaining quantity is 50
2015-09-08 20:23:31.801 DEBUG c.i.t.m.matcher.OrderFillService Matched order remaining quantity is 0
2015-09-08 20:23:31.801 INFO  c.i.t.m.matcher.OrderFillService Last traded price: 200.0
2015-09-08 20:23:31.801 DEBUG c.i.t.m.matcher.OrderFillService Matched order completely filled
2015-09-08 20:23:31.801 DEBUG c.i.t.m.matcher.OrderFillService Order is incomplete and no more matches exist in book.
2015-09-08 20:23:31.801 DEBUG c.i.t.m.matcher.OrderFillService Adding to order book
2015-09-08 20:23:31.805 DEBUG c.i.t.m.orderbook.OrderBookService Order book for [FOO] doesn't exist. Creating.
2015-09-08 20:23:31.807 DEBUG c.i.t.m.matcher.OrderFillService New order - [Limit Order]: Symbol: FOO| Side: SELL | Quantity: 100 | Limit Price: 145.0 | Partial Fills Allowed: true
2015-09-08 20:23:31.807 DEBUG c.i.t.m.matcher.OrderFillService Matching order found - [Limit Order]: Symbol: FOO| Side: BUY | Quantity: 100 | Limit Price: 150.0 | Partial Fills Allowed: false
2015-09-08 20:23:31.807 DEBUG c.i.t.m.matcher.OrderFillService Transaction quantity is 100
2015-09-08 20:23:31.807 DEBUG c.i.t.m.matcher.OrderFillService Incoming order remaining quantity is 0
2015-09-08 20:23:31.807 DEBUG c.i.t.m.matcher.OrderFillService Matched order remaining quantity is 0
2015-09-08 20:23:31.807 INFO  c.i.t.m.matcher.OrderFillService Last traded price: 150.0
2015-09-08 20:23:31.807 DEBUG c.i.t.m.matcher.OrderFillService Matched order completely filled
2015-09-08 20:23:31.807 DEBUG c.i.t.m.matcher.OrderFillService Order is completed
2015-09-08 20:23:31.883 DEBUG c.i.t.m.orderbook.OrderBookService Order book for [FOO] doesn't exist. Creating.
2015-09-08 20:23:31.885 DEBUG c.i.t.m.matcher.OrderFillService New order - [Market Order]: Symbol: FOO Side: BUY | Quantity: 600 | Last Traded Price: null
2015-09-08 20:23:31.885 DEBUG c.i.t.m.matcher.OrderFillService Matching order found - [Limit Order]: Symbol: FOO| Side: SELL | Quantity: 700 | Limit Price: 100.0 | Partial Fills Allowed: false
2015-09-08 20:23:31.885 DEBUG c.i.t.m.matcher.OrderFillService Transaction quantity is 600
2015-09-08 20:23:31.885 DEBUG c.i.t.m.matcher.OrderFillService Incoming order remaining quantity is 0
2015-09-08 20:23:31.885 DEBUG c.i.t.m.matcher.OrderFillService Matched order remaining quantity is 100
2015-09-08 20:23:31.885 INFO  c.i.t.m.matcher.OrderFillService Last traded price: 100.0
2015-09-08 20:23:31.885 DEBUG c.i.t.m.matcher.OrderFillService Order is completed
2015-09-08 20:23:31.888 DEBUG c.i.t.m.orderbook.OrderBookService Order book for [BAR] doesn't exist. Creating.
2015-09-08 20:23:31.889 DEBUG c.i.t.m.orderbook.OrderBookService Order book for [FOO] doesn't exist. Creating.
2015-09-08 20:23:31.890 DEBUG c.i.t.m.matcher.OrderFillService New order - [Market Order]: Symbol: FOO Side: BUY | Quantity: 600 | Last Traded Price: null
2015-09-08 20:23:31.890 DEBUG c.i.t.m.matcher.OrderFillService Matching order found - [Limit Order]: Symbol: FOO| Side: SELL | Quantity: 700 | Limit Price: 100.0 | Partial Fills Allowed: false
2015-09-08 20:23:31.890 DEBUG c.i.t.m.matcher.OrderFillService Transaction quantity is 600
2015-09-08 20:23:31.890 DEBUG c.i.t.m.matcher.OrderFillService Incoming order remaining quantity is 0
2015-09-08 20:23:31.890 DEBUG c.i.t.m.matcher.OrderFillService Matched order remaining quantity is 100
2015-09-08 20:23:31.890 INFO  c.i.t.m.matcher.OrderFillService Last traded price: 100.0
2015-09-08 20:23:31.890 DEBUG c.i.t.m.matcher.OrderFillService Order is completed
2015-09-08 20:23:31.894 DEBUG c.i.t.m.orderbook.OrderBookService Order book for [FOO] doesn't exist. Creating.
2015-09-08 20:23:31.895 DEBUG c.i.t.m.matcher.OrderFillService New order - [Market Order]: Symbol: FOO Side: BUY | Quantity: 600 | Last Traded Price: null
2015-09-08 20:23:31.895 DEBUG c.i.t.m.matcher.OrderFillService Matching order found - [Limit Order]: Symbol: FOO| Side: SELL | Quantity: 500 | Limit Price: 100.0 | Partial Fills Allowed: false
2015-09-08 20:23:31.895 DEBUG c.i.t.m.matcher.OrderFillService Transaction quantity is 500
2015-09-08 20:23:31.895 DEBUG c.i.t.m.matcher.OrderFillService Incoming order remaining quantity is 100
2015-09-08 20:23:31.896 DEBUG c.i.t.m.matcher.OrderFillService Matched order remaining quantity is 0
2015-09-08 20:23:31.896 INFO  c.i.t.m.matcher.OrderFillService Last traded price: 100.0
2015-09-08 20:23:31.896 DEBUG c.i.t.m.matcher.OrderFillService Matched order completely filled
2015-09-08 20:23:31.896 DEBUG c.i.t.m.matcher.OrderFillService Matching order found - [Limit Order]: Symbol: FOO| Side: SELL | Quantity: 400 | Limit Price: 100.0 | Partial Fills Allowed: false
2015-09-08 20:23:31.896 DEBUG c.i.t.m.matcher.OrderFillService Transaction quantity is 100
2015-09-08 20:23:31.896 DEBUG c.i.t.m.matcher.OrderFillService Incoming order remaining quantity is 0
2015-09-08 20:23:31.896 DEBUG c.i.t.m.matcher.OrderFillService Matched order remaining quantity is 300
2015-09-08 20:23:31.896 INFO  c.i.t.m.matcher.OrderFillService Last traded price: 100.0
2015-09-08 20:23:31.896 DEBUG c.i.t.m.matcher.OrderFillService Order is completed
2015-09-08 20:23:31.899 DEBUG c.i.t.m.orderbook.OrderBookService Order book for [FOO] doesn't exist. Creating.
2015-09-08 20:23:31.900 DEBUG c.i.t.m.matcher.OrderFillService New order - [Market Order]: Symbol: FOO Side: BUY | Quantity: 700 | Last Traded Price: null
2015-09-08 20:23:31.900 DEBUG c.i.t.m.matcher.OrderFillService Matching order found - [Limit Order]: Symbol: FOO| Side: SELL | Quantity: 500 | Limit Price: 100.0 | Partial Fills Allowed: false
2015-09-08 20:23:31.900 DEBUG c.i.t.m.matcher.OrderFillService Transaction quantity is 500
2015-09-08 20:23:31.900 DEBUG c.i.t.m.matcher.OrderFillService Incoming order remaining quantity is 200
2015-09-08 20:23:31.900 DEBUG c.i.t.m.matcher.OrderFillService Matched order remaining quantity is 0
2015-09-08 20:23:31.900 INFO  c.i.t.m.matcher.OrderFillService Last traded price: 100.0
2015-09-08 20:23:31.900 DEBUG c.i.t.m.matcher.OrderFillService Matched order completely filled
2015-09-08 20:23:31.900 DEBUG c.i.t.m.matcher.OrderFillService Matching order found - [Limit Order]: Symbol: FOO| Side: SELL | Quantity: 100 | Limit Price: 200.0 | Partial Fills Allowed: false
2015-09-08 20:23:31.900 DEBUG c.i.t.m.matcher.OrderFillService Transaction quantity is 100
2015-09-08 20:23:31.900 DEBUG c.i.t.m.matcher.OrderFillService Incoming order remaining quantity is 100
2015-09-08 20:23:31.901 DEBUG c.i.t.m.matcher.OrderFillService Matched order remaining quantity is 0
2015-09-08 20:23:31.901 INFO  c.i.t.m.matcher.OrderFillService Last traded price: 200.0
2015-09-08 20:23:31.901 DEBUG c.i.t.m.matcher.OrderFillService Matched order completely filled
2015-09-08 20:23:31.901 DEBUG c.i.t.m.matcher.OrderFillService Order is incomplete and no more matches exist in book.
2015-09-08 20:23:31.901 DEBUG c.i.t.m.matcher.OrderFillService Adding to order book
2015-09-08 20:23:31.901 DEBUG c.i.t.m.matcher.OrderFillService Converting market order to limit order at last traded price $200.0
2015-09-08 20:23:31.975 DEBUG c.i.t.m.orderbook.OrderBookService Order book for [FOO] doesn't exist. Creating.
2015-09-08 20:23:31.977 DEBUG c.i.t.m.matcher.OrderFillService New order - [Market Order]: Symbol: FOO Side: BUY | Quantity: 300 | Last Traded Price: null
2015-09-08 20:23:31.977 DEBUG c.i.t.m.matcher.OrderFillService Matching order found - [Limit Order]: Symbol: FOO| Side: SELL | Quantity: 100 | Limit Price: 200.0 | Partial Fills Allowed: false
2015-09-08 20:23:31.977 DEBUG c.i.t.m.matcher.OrderFillService Transaction quantity is 100
2015-09-08 20:23:31.977 DEBUG c.i.t.m.matcher.OrderFillService Incoming order remaining quantity is 200
2015-09-08 20:23:31.977 DEBUG c.i.t.m.matcher.OrderFillService Matched order remaining quantity is 0
2015-09-08 20:23:31.977 INFO  c.i.t.m.matcher.OrderFillService Last traded price: 200.0
2015-09-08 20:23:31.977 DEBUG c.i.t.m.matcher.OrderFillService Matched order completely filled
2015-09-08 20:23:31.977 DEBUG c.i.t.m.matcher.OrderFillService No matching order found
2015-09-08 20:23:31.977 DEBUG c.i.t.m.matcher.OrderFillService Order is incomplete and no more matches exist in book.
2015-09-08 20:23:31.977 DEBUG c.i.t.m.matcher.OrderFillService Partial fills not allowed for this order. Killing and reverting any limit orders used to fill it
2015-09-08 20:23:31.980 DEBUG c.i.t.m.orderbook.OrderBookService Order book for [FOO] doesn't exist. Creating.
2015-09-08 20:23:31.981 DEBUG c.i.t.m.matcher.OrderFillService New order - [Market Order]: Symbol: FOO Side: BUY | Quantity: 100 | Last Traded Price: null
2015-09-08 20:23:31.981 DEBUG c.i.t.m.matcher.OrderFillService Matching order found - [Limit Order]: Symbol: FOO| Side: SELL | Quantity: 100 | Limit Price: 200.0 | Partial Fills Allowed: false
2015-09-08 20:23:31.981 DEBUG c.i.t.m.matcher.OrderFillService Transaction quantity is 100
2015-09-08 20:23:31.981 DEBUG c.i.t.m.matcher.OrderFillService Incoming order remaining quantity is 0
2015-09-08 20:23:31.981 DEBUG c.i.t.m.matcher.OrderFillService Matched order remaining quantity is 0
2015-09-08 20:23:31.981 INFO  c.i.t.m.matcher.OrderFillService Last traded price: 200.0
2015-09-08 20:23:31.981 DEBUG c.i.t.m.matcher.OrderFillService Matched order completely filled
2015-09-08 20:23:31.981 DEBUG c.i.t.m.matcher.OrderFillService Order is completed
